Analysis & Synthesis report for sistema_en_placa
Sun Mar 22 11:13:55 2020
Quartus II 64-Bit Version 13.1.0 Build 162 10/23/2013 SJ Web Edition


---------------------
; Table of Contents ;
---------------------
  1. Legal Notice
  2. Analysis & Synthesis Summary
  3. Analysis & Synthesis Settings
  4. Parallel Compilation
  5. Analysis & Synthesis Source Files Read
  6. Analysis & Synthesis Resource Usage Summary
  7. Analysis & Synthesis Resource Utilization by Entity
  8. Analysis & Synthesis IP Cores Summary
  9. General Register Statistics
 10. Inverted Register Statistics
 11. Multiplexer Restructuring Statistics (Restructuring Performed)
 12. Source assignments for newsp:MI_SP|altsource_probe:altsource_probe_component|altsource_probe_body:altsource_probe_body_inst|altsource_probe_impl:\equal_width_gen:equal_width_inst
 13. Parameter Settings for User Entity Instance: newsp:MI_SP|altsource_probe:altsource_probe_component
 14. Elapsed Time Per Partition
 15. Analysis & Synthesis Messages



----------------
; Legal Notice ;
----------------
Copyright (C) 1991-2013 Altera Corporation
Your use of Altera Corporation's design tools, logic functions 
and other software and tools, and its AMPP partner logic 
functions, and any output files from any of the foregoing 
(including device programming or simulation files), and any 
associated documentation or information are expressly subject 
to the terms and conditions of the Altera Program License 
Subscription Agreement, Altera MegaCore Function License 
Agreement, or other applicable license agreement, including, 
without limitation, that your use is for the sole purpose of 
programming logic devices manufactured by Altera and sold by 
Altera or its authorized distributors.  Please refer to the 
applicable agreement for further details.



+---------------------------------------------------------------------------------+
; Analysis & Synthesis Summary                                                    ;
+------------------------------------+--------------------------------------------+
; Analysis & Synthesis Status        ; Successful - Sun Mar 22 11:13:55 2020      ;
; Quartus II 64-Bit Version          ; 13.1.0 Build 162 10/23/2013 SJ Web Edition ;
; Revision Name                      ; sistema_en_placa                           ;
; Top-level Entity Name              ; sistema_en_placa                           ;
; Family                             ; Cyclone III                                ;
; Total logic elements               ; 226                                        ;
;     Total combinational functions  ; 205                                        ;
;     Dedicated logic registers      ; 128                                        ;
; Total registers                    ; 128                                        ;
; Total pins                         ; 17                                         ;
; Total virtual pins                 ; 0                                          ;
; Total memory bits                  ; 0                                          ;
; Embedded Multiplier 9-bit elements ; 0                                          ;
; Total PLLs                         ; 0                                          ;
+------------------------------------+--------------------------------------------+


+----------------------------------------------------------------------------------------------------------------------+
; Analysis & Synthesis Settings                                                                                        ;
+----------------------------------------------------------------------------+--------------------+--------------------+
; Option                                                                     ; Setting            ; Default Value      ;
+----------------------------------------------------------------------------+--------------------+--------------------+
; Device                                                                     ; EP3C16F484C6       ;                    ;
; Top-level entity name                                                      ; sistema_en_placa   ; sistema_en_placa   ;
; Family name                                                                ; Cyclone III        ; Cyclone IV GX      ;
; Use smart compilation                                                      ; Off                ; Off                ;
; Enable parallel Assembler and TimeQuest Timing Analyzer during compilation ; On                 ; On                 ;
; Enable compact report table                                                ; Off                ; Off                ;
; Restructure Multiplexers                                                   ; Auto               ; Auto               ;
; Create Debugging Nodes for IP Cores                                        ; Off                ; Off                ;
; Preserve fewer node names                                                  ; On                 ; On                 ;
; Disable OpenCore Plus hardware evaluation                                  ; Off                ; Off                ;
; Verilog Version                                                            ; Verilog_2001       ; Verilog_2001       ;
; VHDL Version                                                               ; VHDL_1993          ; VHDL_1993          ;
; State Machine Processing                                                   ; Auto               ; Auto               ;
; Safe State Machine                                                         ; Off                ; Off                ;
; Extract Verilog State Machines                                             ; On                 ; On                 ;
; Extract VHDL State Machines                                                ; On                 ; On                 ;
; Ignore Verilog initial constructs                                          ; Off                ; Off                ;
; Iteration limit for constant Verilog loops                                 ; 5000               ; 5000               ;
; Iteration limit for non-constant Verilog loops                             ; 250                ; 250                ;
; Add Pass-Through Logic to Inferred RAMs                                    ; On                 ; On                 ;
; Infer RAMs from Raw Logic                                                  ; On                 ; On                 ;
; Parallel Synthesis                                                         ; On                 ; On                 ;
; DSP Block Balancing                                                        ; Auto               ; Auto               ;
; NOT Gate Push-Back                                                         ; On                 ; On                 ;
; Power-Up Don't Care                                                        ; On                 ; On                 ;
; Remove Redundant Logic Cells                                               ; Off                ; Off                ;
; Remove Duplicate Registers                                                 ; On                 ; On                 ;
; Ignore CARRY Buffers                                                       ; Off                ; Off                ;
; Ignore CASCADE Buffers                                                     ; Off                ; Off                ;
; Ignore GLOBAL Buffers                                                      ; Off                ; Off                ;
; Ignore ROW GLOBAL Buffers                                                  ; Off                ; Off                ;
; Ignore LCELL Buffers                                                       ; Off                ; Off                ;
; Ignore SOFT Buffers                                                        ; On                 ; On                 ;
; Limit AHDL Integers to 32 Bits                                             ; Off                ; Off                ;
; Optimization Technique                                                     ; Balanced           ; Balanced           ;
; Carry Chain Length                                                         ; 70                 ; 70                 ;
; Auto Carry Chains                                                          ; On                 ; On                 ;
; Auto Open-Drain Pins                                                       ; On                 ; On                 ;
; Perform WYSIWYG Primitive Resynthesis                                      ; Off                ; Off                ;
; Auto ROM Replacement                                                       ; On                 ; On                 ;
; Auto RAM Replacement                                                       ; On                 ; On                 ;
; Auto DSP Block Replacement                                                 ; On                 ; On                 ;
; Auto Shift Register Replacement                                            ; Auto               ; Auto               ;
; Allow Shift Register Merging across Hierarchies                            ; Auto               ; Auto               ;
; Auto Clock Enable Replacement                                              ; On                 ; On                 ;
; Strict RAM Replacement                                                     ; Off                ; Off                ;
; Allow Synchronous Control Signals                                          ; On                 ; On                 ;
; Force Use of Synchronous Clear Signals                                     ; Off                ; Off                ;
; Auto RAM Block Balancing                                                   ; On                 ; On                 ;
; Auto RAM to Logic Cell Conversion                                          ; Off                ; Off                ;
; Auto Resource Sharing                                                      ; Off                ; Off                ;
; Allow Any RAM Size For Recognition                                         ; Off                ; Off                ;
; Allow Any ROM Size For Recognition                                         ; Off                ; Off                ;
; Allow Any Shift Register Size For Recognition                              ; Off                ; Off                ;
; Use LogicLock Constraints during Resource Balancing                        ; On                 ; On                 ;
; Ignore translate_off and synthesis_off directives                          ; Off                ; Off                ;
; Timing-Driven Synthesis                                                    ; On                 ; On                 ;
; Report Parameter Settings                                                  ; On                 ; On                 ;
; Report Source Assignments                                                  ; On                 ; On                 ;
; Report Connectivity Checks                                                 ; On                 ; On                 ;
; Ignore Maximum Fan-Out Assignments                                         ; Off                ; Off                ;
; Synchronization Register Chain Length                                      ; 2                  ; 2                  ;
; PowerPlay Power Optimization                                               ; Normal compilation ; Normal compilation ;
; HDL message level                                                          ; Level2             ; Level2             ;
; Suppress Register Optimization Related Messages                            ; Off                ; Off                ;
; Number of Removed Registers Reported in Synthesis Report                   ; 5000               ; 5000               ;
; Number of Swept Nodes Reported in Synthesis Report                         ; 5000               ; 5000               ;
; Number of Inverted Registers Reported in Synthesis Report                  ; 100                ; 100                ;
; Clock MUX Protection                                                       ; On                 ; On                 ;
; Auto Gated Clock Conversion                                                ; Off                ; Off                ;
; Block Design Naming                                                        ; Auto               ; Auto               ;
; SDC constraint protection                                                  ; Off                ; Off                ;
; Synthesis Effort                                                           ; Auto               ; Auto               ;
; Shift Register Replacement - Allow Asynchronous Clear Signal               ; On                 ; On                 ;
; Pre-Mapping Resynthesis Optimization                                       ; Off                ; Off                ;
; Analysis & Synthesis Message Level                                         ; Medium             ; Medium             ;
; Disable Register Merging Across Hierarchies                                ; Auto               ; Auto               ;
; Resource Aware Inference For Block RAM                                     ; On                 ; On                 ;
; Synthesis Seed                                                             ; 1                  ; 1                  ;
+----------------------------------------------------------------------------+--------------------+--------------------+


Parallel compilation was disabled, but you have multiple processors available. Enable parallel compilation to reduce compilation time.
+-------------------------------------+
; Parallel Compilation                ;
+----------------------------+--------+
; Processors                 ; Number ;
+----------------------------+--------+
; Number detected on machine ; 4      ;
; Maximum allowed            ; 1      ;
+----------------------------+--------+


+---------------------------------------------------------------------------------------------------------------------------------------------------------------------------------+
; Analysis & Synthesis Source Files Read                                                                                                                                          ;
+------------------------------------+-----------------+-----------------------------+----------------------------------------------------------------------------------+---------+
; File Name with User-Entered Path   ; Used in Netlist ; File Type                   ; File Name with Absolute Path                                                     ; Library ;
+------------------------------------+-----------------+-----------------------------+----------------------------------------------------------------------------------+---------+
; ../../sources/hex27seg.vhd         ; yes             ; User VHDL File              ; /home/santi/dislog2/labs_g1/lab1/sources/hex27seg.vhd                            ;         ;
; ../../sources/freq_div.vhd         ; yes             ; User VHDL File              ; /home/santi/dislog2/labs_g1/lab1/sources/freq_div.vhd                            ;         ;
; ../../sources/contador_decimal.vhd ; yes             ; User VHDL File              ; /home/santi/dislog2/labs_g1/lab1/sources/contador_decimal.vhd                    ;         ;
; ../../sources/comparador.vhd       ; yes             ; User VHDL File              ; /home/santi/dislog2/labs_g1/lab1/sources/comparador.vhd                          ;         ;
; sistema_en_placa.vhd               ; yes             ; User VHDL File              ; /home/santi/dislog2/labs_g1/lab1/quartus/Sistema_en_placa/sistema_en_placa.vhd   ;         ;
; newsp.vhd                          ; yes             ; User Wizard-Generated File  ; /home/santi/dislog2/labs_g1/lab1/quartus/Sistema_en_placa/newsp.vhd              ;         ;
; altsource_probe.v                  ; yes             ; Megafunction                ; /home/santi/altera/13.1/quartus/libraries/megafunctions/altsource_probe.v        ;         ;
; altsource_probe_body.vhd           ; yes             ; Megafunction                ; /home/santi/altera/13.1/quartus/libraries/megafunctions/altsource_probe_body.vhd ;         ;
; sld_rom_sr.vhd                     ; yes             ; Encrypted Megafunction      ; /home/santi/altera/13.1/quartus/libraries/megafunctions/sld_rom_sr.vhd           ;         ;
; sld_hub.vhd                        ; yes             ; Encrypted Megafunction      ; /home/santi/altera/13.1/quartus/libraries/megafunctions/sld_hub.vhd              ;         ;
; sld_jtag_hub.vhd                   ; yes             ; Encrypted Megafunction      ; /home/santi/altera/13.1/quartus/libraries/megafunctions/sld_jtag_hub.vhd         ;         ;
+------------------------------------+-----------------+-----------------------------+----------------------------------------------------------------------------------+---------+


+------------------------------------------------------------------------+
; Analysis & Synthesis Resource Usage Summary                            ;
+---------------------------------------------+--------------------------+
; Resource                                    ; Usage                    ;
+---------------------------------------------+--------------------------+
; Estimated Total logic elements              ; 226                      ;
;                                             ;                          ;
; Total combinational functions               ; 205                      ;
; Logic element usage by number of LUT inputs ;                          ;
;     -- 4 input functions                    ; 94                       ;
;     -- 3 input functions                    ; 42                       ;
;     -- <=2 input functions                  ; 69                       ;
;                                             ;                          ;
; Logic elements by mode                      ;                          ;
;     -- normal mode                          ; 173                      ;
;     -- arithmetic mode                      ; 32                       ;
;                                             ;                          ;
; Total registers                             ; 128                      ;
;     -- Dedicated logic registers            ; 128                      ;
;     -- I/O registers                        ; 0                        ;
;                                             ;                          ;
; I/O pins                                    ; 17                       ;
; Embedded Multiplier 9-bit elements          ; 0                        ;
; Maximum fan-out node                        ; altera_internal_jtag~TDO ;
; Maximum fan-out                             ; 116                      ;
; Total fan-out                               ; 1075                     ;
; Average fan-out                             ; 2.86                     ;
+---------------------------------------------+--------------------------+


+------------------------------------------------------------------------------------------------------------------------------------------------------------------------------------------------------------------------------------------------------------------------------------------------------------------------------------------------------------------------------------------------------------------------------+
; Analysis & Synthesis Resource Utilization by Entity                                                                                                                                                                                                                                                                                                                                                                          ;
+----------------------------------------------------------------------+-------------------+--------------+-------------+--------------+---------+-----------+------+--------------+----------------------------------------------------------------------------------------------------------------------------------------------------------------------------------------------------------------------------+--------------+
; Compilation Hierarchy Node                                           ; LC Combinationals ; LC Registers ; Memory Bits ; DSP Elements ; DSP 9x9 ; DSP 18x18 ; Pins ; Virtual Pins ; Full Hierarchy Name                                                                                                                                                                                                        ; Library Name ;
+----------------------------------------------------------------------+-------------------+--------------+-------------+--------------+---------+-----------+------+--------------+----------------------------------------------------------------------------------------------------------------------------------------------------------------------------------------------------------------------------+--------------+
; |sistema_en_placa                                                    ; 205 (1)           ; 128 (0)      ; 0           ; 0            ; 0       ; 0         ; 17   ; 0            ; |sistema_en_placa                                                                                                                                                                                                          ; work         ;
;    |FREQ_DIV:FREQ_DIV_1|                                             ; 36 (36)           ; 26 (26)      ; 0           ; 0            ; 0       ; 0         ; 0    ; 0            ; |sistema_en_placa|FREQ_DIV:FREQ_DIV_1                                                                                                                                                                                      ; work         ;
;    |contador_decimal:CONT1|                                          ; 8 (8)             ; 4 (4)        ; 0           ; 0            ; 0       ; 0         ; 0    ; 0            ; |sistema_en_placa|contador_decimal:CONT1                                                                                                                                                                                   ; work         ;
;    |contador_decimal:CONT2|                                          ; 10 (10)           ; 4 (4)        ; 0           ; 0            ; 0       ; 0         ; 0    ; 0            ; |sistema_en_placa|contador_decimal:CONT2                                                                                                                                                                                   ; work         ;
;    |hex27seg:HEX1|                                                   ; 7 (7)             ; 0 (0)        ; 0           ; 0            ; 0       ; 0         ; 0    ; 0            ; |sistema_en_placa|hex27seg:HEX1                                                                                                                                                                                            ; work         ;
;    |hex27seg:HEX2|                                                   ; 7 (7)             ; 0 (0)        ; 0           ; 0            ; 0       ; 0         ; 0    ; 0            ; |sistema_en_placa|hex27seg:HEX2                                                                                                                                                                                            ; work         ;
;    |newsp:MI_SP|                                                     ; 26 (0)            ; 16 (0)       ; 0           ; 0            ; 0       ; 0         ; 0    ; 0            ; |sistema_en_placa|newsp:MI_SP                                                                                                                                                                                              ; work         ;
;       |altsource_probe:altsource_probe_component|                    ; 26 (0)            ; 16 (0)       ; 0           ; 0            ; 0       ; 0         ; 0    ; 0            ; |sistema_en_placa|newsp:MI_SP|altsource_probe:altsource_probe_component                                                                                                                                                    ; work         ;
;          |altsource_probe_body:altsource_probe_body_inst|            ; 26 (3)            ; 16 (0)       ; 0           ; 0            ; 0       ; 0         ; 0    ; 0            ; |sistema_en_placa|newsp:MI_SP|altsource_probe:altsource_probe_component|altsource_probe_body:altsource_probe_body_inst                                                                                                     ; work         ;
;             |altsource_probe_impl:\equal_width_gen:equal_width_inst| ; 23 (13)           ; 16 (9)       ; 0           ; 0            ; 0       ; 0         ; 0    ; 0            ; |sistema_en_placa|newsp:MI_SP|altsource_probe:altsource_probe_component|altsource_probe_body:altsource_probe_body_inst|altsource_probe_impl:\equal_width_gen:equal_width_inst                                              ; work         ;
;                |sld_rom_sr:\no_instance_id_gen:rom_info_inst|        ; 10 (10)           ; 7 (7)        ; 0           ; 0            ; 0       ; 0         ; 0    ; 0            ; |sistema_en_placa|newsp:MI_SP|altsource_probe:altsource_probe_component|altsource_probe_body:altsource_probe_body_inst|altsource_probe_impl:\equal_width_gen:equal_width_inst|sld_rom_sr:\no_instance_id_gen:rom_info_inst ; work         ;
;    |sld_hub:auto_hub|                                                ; 110 (1)           ; 78 (0)       ; 0           ; 0            ; 0       ; 0         ; 0    ; 0            ; |sistema_en_placa|sld_hub:auto_hub                                                                                                                                                                                         ; work         ;
;       |sld_jtag_hub:\jtag_hub_gen:sld_jtag_hub_inst|                 ; 109 (73)          ; 78 (50)      ; 0           ; 0            ; 0       ; 0         ; 0    ; 0            ; |sistema_en_placa|sld_hub:auto_hub|sld_jtag_hub:\jtag_hub_gen:sld_jtag_hub_inst                                                                                                                                            ; work         ;
;          |sld_rom_sr:hub_info_reg|                                   ; 19 (19)           ; 9 (9)        ; 0           ; 0            ; 0       ; 0         ; 0    ; 0            ; |sistema_en_placa|sld_hub:auto_hub|sld_jtag_hub:\jtag_hub_gen:sld_jtag_hub_inst|sld_rom_sr:hub_info_reg                                                                                                                    ; work         ;
;          |sld_shadow_jsm:shadow_jsm|                                 ; 17 (17)           ; 19 (19)      ; 0           ; 0            ; 0       ; 0         ; 0    ; 0            ; |sistema_en_placa|sld_hub:auto_hub|sld_jtag_hub:\jtag_hub_gen:sld_jtag_hub_inst|sld_shadow_jsm:shadow_jsm                                                                                                                  ; work         ;
+----------------------------------------------------------------------+-------------------+--------------+-------------+--------------+---------+-----------+------+--------------+----------------------------------------------------------------------------------------------------------------------------------------------------------------------------------------------------------------------------+--------------+
Note: For table entries with two numbers listed, the numbers in parentheses indicate the number of resources of the given type used by the specific entity alone. The numbers listed outside of parentheses indicate the total resources of the given type used by the specific entity and all of its sub-entities in the hierarchy.


+-------------------------------------------------------------------------------------------------------------------------------------------------------------------------------------+
; Analysis & Synthesis IP Cores Summary                                                                                                                                               ;
+--------+------------------------------+---------+--------------+--------------+-------------------------------+---------------------------------------------------------------------+
; Vendor ; IP Core Name                 ; Version ; Release Date ; License Type ; Entity Instance               ; IP Include File                                                     ;
+--------+------------------------------+---------+--------------+--------------+-------------------------------+---------------------------------------------------------------------+
; Altera ; In-System Sources and Probes ; 9.1     ; N/A          ; N/A          ; |sistema_en_placa|newsp:MI_SP ; /home/santi/dislog2/labs_g1/lab1/quartus/Sistema_en_placa/newsp.vhd ;
+--------+------------------------------+---------+--------------+--------------+-------------------------------+---------------------------------------------------------------------+


+------------------------------------------------------+
; General Register Statistics                          ;
+----------------------------------------------+-------+
; Statistic                                    ; Value ;
+----------------------------------------------+-------+
; Total registers                              ; 128   ;
; Number of registers using Synchronous Clear  ; 37    ;
; Number of registers using Synchronous Load   ; 15    ;
; Number of registers using Asynchronous Clear ; 31    ;
; Number of registers using Asynchronous Load  ; 0     ;
; Number of registers using Clock Enable       ; 71    ;
; Number of registers using Preset             ; 0     ;
+----------------------------------------------+-------+


+----------------------------------------------------------------------------------------+
; Inverted Register Statistics                                                           ;
+------------------------------------------------------------------------------+---------+
; Inverted Register                                                            ; Fan out ;
+------------------------------------------------------------------------------+---------+
; sld_hub:auto_hub|sld_jtag_hub:\jtag_hub_gen:sld_jtag_hub_inst|tdo            ; 1       ;
; sld_hub:auto_hub|sld_jtag_hub:\jtag_hub_gen:sld_jtag_hub_inst|jtag_ir_reg[2] ; 2       ;
; sld_hub:auto_hub|sld_jtag_hub:\jtag_hub_gen:sld_jtag_hub_inst|jtag_ir_reg[1] ; 3       ;
; Total number of inverted registers = 3                                       ;         ;
+------------------------------------------------------------------------------+---------+


+----------------------------------------------------------------------------------------------------------------------------------------------------------------------------------------------------------------------------------------------------------------------------------------------------------------------------------------------------------+
; Multiplexer Restructuring Statistics (Restructuring Performed)                                                                                                                                                                                                                                                                                           ;
+--------------------+-----------+---------------+----------------------+------------------------+------------+--------------------------------------------------------------------------------------------------------------------------------------------------------------------------------------------------------------------------------------------+
; Multiplexer Inputs ; Bus Width ; Baseline Area ; Area if Restructured ; Saving if Restructured ; Registered ; Example Multiplexer Output                                                                                                                                                                                                                 ;
+--------------------+-----------+---------------+----------------------+------------------------+------------+--------------------------------------------------------------------------------------------------------------------------------------------------------------------------------------------------------------------------------------------+
; 3:1                ; 4 bits    ; 8 LEs         ; 4 LEs                ; 4 LEs                  ; Yes        ; |sistema_en_placa|newsp:MI_SP|altsource_probe:altsource_probe_component|altsource_probe_body:altsource_probe_body_inst|altsource_probe_impl:\equal_width_gen:equal_width_inst|hold_reg[2]                                                  ;
; 4:1                ; 4 bits    ; 8 LEs         ; 4 LEs                ; 4 LEs                  ; Yes        ; |sistema_en_placa|contador_decimal:CONT1|mem[3]                                                                                                                                                                                            ;
; 4:1                ; 4 bits    ; 8 LEs         ; 4 LEs                ; 4 LEs                  ; Yes        ; |sistema_en_placa|contador_decimal:CONT2|mem[3]                                                                                                                                                                                            ;
; 5:1                ; 4 bits    ; 12 LEs        ; 8 LEs                ; 4 LEs                  ; Yes        ; |sistema_en_placa|newsp:MI_SP|altsource_probe:altsource_probe_component|altsource_probe_body:altsource_probe_body_inst|altsource_probe_impl:\equal_width_gen:equal_width_inst|shift_reg[0]                                                 ;
; 5:1                ; 3 bits    ; 9 LEs         ; 3 LEs                ; 6 LEs                  ; Yes        ; |sistema_en_placa|newsp:MI_SP|altsource_probe:altsource_probe_component|altsource_probe_body:altsource_probe_body_inst|altsource_probe_impl:\equal_width_gen:equal_width_inst|sld_rom_sr:\no_instance_id_gen:rom_info_inst|word_counter[0] ;
; 9:1                ; 4 bits    ; 24 LEs        ; 12 LEs               ; 12 LEs                 ; Yes        ; |sistema_en_placa|newsp:MI_SP|altsource_probe:altsource_probe_component|altsource_probe_body:altsource_probe_body_inst|altsource_probe_impl:\equal_width_gen:equal_width_inst|sld_rom_sr:\no_instance_id_gen:rom_info_inst|WORD_SR[0]      ;
+--------------------+-----------+---------------+----------------------+------------------------+------------+--------------------------------------------------------------------------------------------------------------------------------------------------------------------------------------------------------------------------------------------+


+------------------------------------------------------------------------------------------------------------------------------------------------------------------------------------+
; Source assignments for newsp:MI_SP|altsource_probe:altsource_probe_component|altsource_probe_body:altsource_probe_body_inst|altsource_probe_impl:\equal_width_gen:equal_width_inst ;
+---------------------------------+-------+------+-----------------------------------------------------------------------------------------------------------------------------------+
; Assignment                      ; Value ; From ; To                                                                                                                                ;
+---------------------------------+-------+------+-----------------------------------------------------------------------------------------------------------------------------------+
; NOT_GATE_PUSH_BACK              ; OFF   ; -    ; -                                                                                                                                 ;
; POWER_UP_LEVEL                  ; LOW   ; -    ; -                                                                                                                                 ;
; AUTO_SHIFT_REGISTER_RECOGNITION ; OFF   ; -    ; -                                                                                                                                 ;
; AUTO_CLOCK_ENABLE_RECOGNITION   ; OFF   ; -    ; hold_reg[0]                                                                                                                       ;
; AUTO_CLOCK_ENABLE_RECOGNITION   ; OFF   ; -    ; hold_reg[3]                                                                                                                       ;
; AUTO_CLOCK_ENABLE_RECOGNITION   ; OFF   ; -    ; hold_reg[2]                                                                                                                       ;
; AUTO_CLOCK_ENABLE_RECOGNITION   ; OFF   ; -    ; hold_reg[1]                                                                                                                       ;
+---------------------------------+-------+------+-----------------------------------------------------------------------------------------------------------------------------------+


+----------------------------------------------------------------------------------------------------+
; Parameter Settings for User Entity Instance: newsp:MI_SP|altsource_probe:altsource_probe_component ;
+-------------------------+-----------------+--------------------------------------------------------+
; Parameter Name          ; Value           ; Type                                                   ;
+-------------------------+-----------------+--------------------------------------------------------+
; lpm_type                ; altsource_probe ; String                                                 ;
; lpm_hint                ; UNUSED          ; String                                                 ;
; sld_auto_instance_index ; YES             ; String                                                 ;
; sld_instance_index      ; 0               ; Signed Integer                                         ;
; SLD_NODE_INFO           ; 4746752         ; Signed Integer                                         ;
; sld_ir_width            ; 4               ; Signed Integer                                         ;
; instance_id             ; NONE            ; String                                                 ;
; probe_width             ; 4               ; Signed Integer                                         ;
; source_width            ; 4               ; Signed Integer                                         ;
; source_initial_value    ;  0              ; String                                                 ;
; enable_metastability    ; NO              ; String                                                 ;
+-------------------------+-----------------+--------------------------------------------------------+
Note: In order to hide this table in the UI and the text report file, please set the "Show Parameter Settings in Synthesis Report" option in "Analysis and Synthesis Settings -> More Settings" to "Off".


+-------------------------------+
; Elapsed Time Per Partition    ;
+----------------+--------------+
; Partition Name ; Elapsed Time ;
+----------------+--------------+
; Top            ; 00:00:00     ;
+----------------+--------------+


+-------------------------------+
; Analysis & Synthesis Messages ;
+-------------------------------+
Info: *******************************************************************
Info: Running Quartus II 64-Bit Analysis & Synthesis
    Info: Version 13.1.0 Build 162 10/23/2013 SJ Web Edition
    Info: Processing started: Sun Mar 22 11:13:52 2020
Info: Command: quartus_map --read_settings_files=on --write_settings_files=off sistema_en_placa -c sistema_en_placa
Warning (20028): Parallel compilation is not licensed and has been disabled
Info (12021): Found 3 design units, including 1 entities, in source file /home/santi/dislog2/labs_g1/lab1/sources/hex27seg.vhd
    Info (12022): Found design unit 1: pk_hex27seg
    Info (12022): Found design unit 2: hex27seg-synth
    Info (12023): Found entity 1: hex27seg
Info (12021): Found 3 design units, including 1 entities, in source file /home/santi/dislog2/labs_g1/lab1/sources/freq_div.vhd
    Info (12022): Found design unit 1: PK_FREQ_DIV
    Info (12022): Found design unit 2: FREQ_DIV-synth
    Info (12023): Found entity 1: FREQ_DIV
Info (12021): Found 3 design units, including 1 entities, in source file /home/santi/dislog2/labs_g1/lab1/sources/contador_decimal.vhd
    Info (12022): Found design unit 1: pk_contador_decimal
    Info (12022): Found design unit 2: contador_decimal-comportamental
    Info (12023): Found entity 1: contador_decimal
Info (12021): Found 3 design units, including 1 entities, in source file /home/santi/dislog2/labs_g1/lab1/sources/comparador.vhd
    Info (12022): Found design unit 1: pk_comparador
    Info (12022): Found design unit 2: comparador-comportamental_1
    Info (12023): Found entity 1: comparador
Info (12021): Found 2 design units, including 1 entities, in source file sistema_en_placa.vhd
    Info (12022): Found design unit 1: sistema_en_placa-estructural_3
    Info (12023): Found entity 1: sistema_en_placa
Info (12021): Found 2 design units, including 1 entities, in source file newsp.vhd
    Info (12022): Found design unit 1: newsp-SYN
    Info (12023): Found entity 1: newsp
Info (12127): Elaborating entity "sistema_en_placa" for the top level hierarchy
Info (12128): Elaborating entity "contador_decimal" for hierarchy "contador_decimal:CONT1"
Info (12128): Elaborating entity "hex27seg" for hierarchy "hex27seg:HEX1"
Info (12128): Elaborating entity "comparador" for hierarchy "comparador:COMP1"
Info (12128): Elaborating entity "FREQ_DIV" for hierarchy "FREQ_DIV:FREQ_DIV_1"
Info (12128): Elaborating entity "newsp" for hierarchy "newsp:MI_SP"
Info (12128): Elaborating entity "altsource_probe" for hierarchy "newsp:MI_SP|altsource_probe:altsource_probe_component"
Info (12130): Elaborated megafunction instantiation "newsp:MI_SP|altsource_probe:altsource_probe_component"
Info (12133): Instantiated megafunction "newsp:MI_SP|altsource_probe:altsource_probe_component" with the following parameter:
    Info (12134): Parameter "enable_metastability" = "NO"
    Info (12134): Parameter "instance_id" = "NONE"
    Info (12134): Parameter "probe_width" = "4"
    Info (12134): Parameter "sld_auto_instance_index" = "YES"
    Info (12134): Parameter "sld_instance_index" = "0"
    Info (12134): Parameter "source_initial_value" = " 0"
    Info (12134): Parameter "source_width" = "4"
    Info (12134): Parameter "lpm_type" = "altsource_probe"
Info (12128): Elaborating entity "altsource_probe_body" for hierarchy "newsp:MI_SP|altsource_probe:altsource_probe_component|altsource_probe_body:altsource_probe_body_inst"
Info (12128): Elaborating entity "altsource_probe_impl" for hierarchy "newsp:MI_SP|altsource_probe:altsource_probe_component|altsource_probe_body:altsource_probe_body_inst|altsource_probe_impl:\equal_width_gen:equal_width_inst"
Info (12128): Elaborating entity "sld_rom_sr" for hierarchy "newsp:MI_SP|altsource_probe:altsource_probe_component|altsource_probe_body:altsource_probe_body_inst|altsource_probe_impl:\equal_width_gen:equal_width_inst|sld_rom_sr:\no_instance_id_gen:rom_info_inst"
Info (286031): Timing-Driven Synthesis is running on partition "Top"
Info (16010): Generating hard_block partition "hard_block:auto_generated_inst"
    Info (16011): Adding 0 node(s), including 0 DDIO, 0 PLL, 0 transceiver and 0 LCELL
Info (21057): Implemented 251 device resources after synthesis - the final resource count might be different
    Info (21058): Implemented 6 input pins
    Info (21059): Implemented 15 output pins
    Info (21061): Implemented 229 logic cells
Info: Quartus II 64-Bit Analysis & Synthesis was successful. 0 errors, 1 warning
    Info: Peak virtual memory: 693 megabytes
    Info: Processing ended: Sun Mar 22 11:13:55 2020
    Info: Elapsed time: 00:00:03
    Info: Total CPU time (on all processors): 00:00:03


